<?xml version="1.0" encoding="UTF-8"?>
<!-- Generated by org.testng.reporters.JUnitXMLReporter -->
<testsuite hostname="01250LT2368" name="Default test" tests="8" failures="0" timestamp="11 Jan 2016 21:52:00 GMT" time="16.301" errors="0">
  <testcase name="verifyInvalidIDBlank" time="1.229" classname="testCase.TestCaseForLogin"/>
  <testcase name="verifyInvalidID" time="1.279" classname="testCase.TestCaseForLogin"/>
  <testcase name="verifyInvalidPassword" time="1.078" classname="testCase.TestCaseForLogin"/>
  <testcase name="validLogin" time="0.599" classname="testCase.TestCaseForLogin"/>
  <testcase name="verifyRemebarMeCheckBox" time="1.025" classname="testCase.TestCaseForLogin"/>
  <testcase name="logIn" time="6.251" classname="testCase.TestCaseForLogin"/>
  <testcase name="verifyTitle" time="0.207" classname="testCase.TestCaseForLogin"/>
  <testcase name="logout" time="4.614" classname="testCase.TestCaseForLogin"/>
</testsuite> <!-- Default test -->
