<?xml version="1.0" encoding="UTF-8"?>
<!-- Generated by org.testng.reporters.JUnitXMLReporter -->
<testsuite hostname="01250LT2368" name="Default test" tests="4" failures="0" timestamp="7 Dec 2015 17:33:07 GMT" time="16.59" errors="0">
  <testcase name="openDriver" time="7.884" classname="testCase.TestingVerifyAdvancedSearch"/>
  <testcase name="logIN" time="4.456" classname="testCase.TestingVerifyAdvancedSearch"/>
  <testcase name="searchingCase" time="2.184" classname="testCase.TestingVerifyAdvancedSearch"/>
  <testcase name="verifyOpenCase" time="2.051" classname="testCase.TestingVerifyAdvancedSearch"/>
</testsuite> <!-- Default test -->
