<?xml version="1.0" encoding="UTF-8"?>
<!-- Generated by org.testng.reporters.JUnitXMLReporter -->
<testsuite hostname="01250LT2368" name="Test" tests="19" failures="0" timestamp="14 Jan 2016 21:19:00 GMT" time="57.682" errors="0">
  <testcase name="verifyInvalidIDBlank" time="1.249" classname="testCase.TestCaseForLogin"/>
  <testcase name="verifyInvalidID" time="0.909" classname="testCase.TestCaseForLogin"/>
  <testcase name="verifyInvalidPassword" time="1.042" classname="testCase.TestCaseForLogin"/>
  <testcase name="validLogin" time="0.485" classname="testCase.TestCaseForLogin"/>
  <testcase name="verifyRemebarMeCheckBox" time="1.106" classname="testCase.TestCaseForLogin"/>
  <testcase name="logIn" time="10.208" classname="testCase.TestCaseForLogin"/>
  <testcase name="verifyTitle" time="0.23" classname="testCase.TestCaseForLogin"/>
  <testcase name="logout" time="4.575" classname="testCase.TestCaseForLogin"/>
  <testcase name="loginIntoApplication" time="5.571" classname="testCase.TestCaseForCreateMemberAcWithLogin"/>
  <testcase name="navigateToAccountPage" time="3.99" classname="testCase.TestCaseForCreateMemberAcWithLogin"/>
  <testcase name="enterBlankDataIntoMemberAc" time="1.461" classname="testCase.TestCaseForCreateMemberAcWithLogin"/>
  <testcase name="enterInvalidSsn" time="1.615" classname="testCase.TestCaseForCreateMemberAcWithLogin"/>
  <testcase name="enterInvalidDate" time="2.053" classname="testCase.TestCaseForCreateMemberAcWithLogin"/>
  <testcase name="enterInvalidEmail" time="2.144" classname="testCase.TestCaseForCreateMemberAcWithLogin"/>
  <testcase name="createAMemberAcWithValidData" time="3.981" classname="testCase.TestCaseForCreateMemberAcWithLogin"/>
  <testcase name="validLoginForNewAcCreate" time="10.873" classname="testCase.TestCaseForCreateIndiviualProviderAc"/>
  <testcase name="blankSubmit" time="3.188" classname="testCase.TestCaseForCreateIndiviualProviderAc"/>
  <testcase name="lastNameVerify" time="1.42" classname="testCase.TestCaseForCreateIndiviualProviderAc"/>
  <testcase name="EmailVerify" time="1.554" classname="testCase.TestCaseForCreateIndiviualProviderAc"/>
</testsuite> <!-- Test -->
