<?xml version="1.0" encoding="UTF-8"?>
<!-- Generated by org.testng.reporters.JUnitXMLReporter -->
<testsuite hostname="01250LT2368" name="Test" tests="15" failures="0" timestamp="22 Dec 2015 14:36:32 GMT" time="47.118" errors="0">
  <testcase name="verifyInvalidIDBlank" time="3.208" classname="testCase.TestCaseForLogin"/>
  <testcase name="verifyInvalidID" time="2.5" classname="testCase.TestCaseForLogin"/>
  <testcase name="verifyInvalidPassword" time="3.121" classname="testCase.TestCaseForLogin"/>
  <testcase name="validLogin" time="0.726" classname="testCase.TestCaseForLogin"/>
  <testcase name="verifyRemebarMeCheckBox" time="1.089" classname="testCase.TestCaseForLogin"/>
  <testcase name="logIn" time="7.751" classname="testCase.TestCaseForLogin"/>
  <testcase name="verifyTitle" time="0.256" classname="testCase.TestCaseForLogin"/>
  <testcase name="logout" time="4.536" classname="testCase.TestCaseForLogin"/>
  <testcase name="loginIntoApplication" time="5.144" classname="testCase.IntegrateMemberAcWithLogin"/>
  <testcase name="navigateToAccountPage" time="5.446" classname="testCase.IntegrateMemberAcWithLogin"/>
  <testcase name="enterBlankDataIntoMemberAc" time="1.862" classname="testCase.IntegrateMemberAcWithLogin"/>
  <testcase name="enterInvalidSsn" time="1.383" classname="testCase.IntegrateMemberAcWithLogin"/>
  <testcase name="enterInvalidDate" time="1.58" classname="testCase.IntegrateMemberAcWithLogin"/>
  <testcase name="enterInvalidEmail" time="1.459" classname="testCase.IntegrateMemberAcWithLogin"/>
  <testcase name="createAMemberAcWithValidData" time="7.013" classname="testCase.IntegrateMemberAcWithLogin"/>
</testsuite> <!-- Test -->
