<?xml version="1.0" encoding="UTF-8"?>
<testng-results skipped="0" failed="0" total="19" passed="19">
  <reporter-output>
  </reporter-output>
  <suite name="Suite" duration-ms="57682" started-at="2016-01-14T21:18:02Z" finished-at="2016-01-14T21:19:00Z">
    <groups>
    </groups>
    <test name="Test" duration-ms="57682" started-at="2016-01-14T21:18:02Z" finished-at="2016-01-14T21:19:00Z">
      <class name="testCase.TestCaseForLogin">
        <test-method status="PASS" signature="verifyInvalidIDBlank()[pri:0, instance:testCase.TestCaseForLogin@9d9c55]" name="verifyInvalidIDBlank" duration-ms="1249" started-at="2016-01-14T16:18:02Z" finished-at="2016-01-14T16:18:04Z">
          <reporter-output>
          </reporter-output>
        </test-method> <!-- verifyInvalidIDBlank -->
        <test-method status="PASS" signature="verifyInvalidID()[pri:0, instance:testCase.TestCaseForLogin@9d9c55]" name="verifyInvalidID" duration-ms="909" started-at="2016-01-14T16:18:04Z" finished-at="2016-01-14T16:18:05Z">
          <reporter-output>
          </reporter-output>
        </test-method> <!-- verifyInvalidID -->
        <test-method status="PASS" signature="verifyInvalidPassword()[pri:0, instance:testCase.TestCaseForLogin@9d9c55]" name="verifyInvalidPassword" duration-ms="1042" started-at="2016-01-14T16:18:05Z" finished-at="2016-01-14T16:18:06Z">
          <reporter-output>
          </reporter-output>
        </test-method> <!-- verifyInvalidPassword -->
        <test-method status="PASS" signature="validLogin()[pri:0, instance:testCase.TestCaseForLogin@9d9c55]" name="validLogin" duration-ms="485" started-at="2016-01-14T16:18:06Z" finished-at="2016-01-14T16:18:06Z">
          <reporter-output>
          </reporter-output>
        </test-method> <!-- validLogin -->
        <test-method status="PASS" signature="verifyRemebarMeCheckBox()[pri:0, instance:testCase.TestCaseForLogin@9d9c55]" name="verifyRemebarMeCheckBox" duration-ms="1106" started-at="2016-01-14T16:18:06Z" finished-at="2016-01-14T16:18:07Z">
          <reporter-output>
          </reporter-output>
        </test-method> <!-- verifyRemebarMeCheckBox -->
        <test-method status="PASS" signature="logIn()[pri:0, instance:testCase.TestCaseForLogin@9d9c55]" name="logIn" duration-ms="10208" started-at="2016-01-14T16:18:07Z" finished-at="2016-01-14T16:18:17Z">
          <reporter-output>
          </reporter-output>
        </test-method> <!-- logIn -->
        <test-method status="PASS" signature="verifyTitle()[pri:0, instance:testCase.TestCaseForLogin@9d9c55]" name="verifyTitle" duration-ms="230" started-at="2016-01-14T16:18:17Z" finished-at="2016-01-14T16:18:18Z">
          <reporter-output>
          </reporter-output>
        </test-method> <!-- verifyTitle -->
        <test-method status="PASS" signature="logout()[pri:0, instance:testCase.TestCaseForLogin@9d9c55]" name="logout" duration-ms="4575" started-at="2016-01-14T16:18:18Z" finished-at="2016-01-14T16:18:22Z">
          <reporter-output>
          </reporter-output>
        </test-method> <!-- logout -->
      </class> <!-- testCase.TestCaseForLogin -->
      <class name="testCase.TestCaseForCreateIndiviualProviderAc">
        <test-method status="PASS" signature="validLoginForNewAcCreate()[pri:0, instance:testCase.TestCaseForCreateIndiviualProviderAc@1a57a3b]" name="validLoginForNewAcCreate" duration-ms="10873" started-at="2016-01-14T16:18:43Z" finished-at="2016-01-14T16:18:54Z">
          <reporter-output>
          </reporter-output>
        </test-method> <!-- validLoginForNewAcCreate -->
        <test-method status="PASS" signature="blankSubmit()[pri:0, instance:testCase.TestCaseForCreateIndiviualProviderAc@1a57a3b]" name="blankSubmit" duration-ms="3188" started-at="2016-01-14T16:18:54Z" finished-at="2016-01-14T16:18:57Z">
          <reporter-output>
          </reporter-output>
        </test-method> <!-- blankSubmit -->
        <test-method status="PASS" signature="lastNameVerify()[pri:0, instance:testCase.TestCaseForCreateIndiviualProviderAc@1a57a3b]" name="lastNameVerify" duration-ms="1420" started-at="2016-01-14T16:18:57Z" finished-at="2016-01-14T16:18:59Z">
          <reporter-output>
          </reporter-output>
        </test-method> <!-- lastNameVerify -->
        <test-method status="PASS" signature="EmailVerify()[pri:0, instance:testCase.TestCaseForCreateIndiviualProviderAc@1a57a3b]" name="EmailVerify" duration-ms="1554" started-at="2016-01-14T16:18:59Z" finished-at="2016-01-14T16:19:00Z">
          <reporter-output>
          </reporter-output>
        </test-method> <!-- EmailVerify -->
      </class> <!-- testCase.TestCaseForCreateIndiviualProviderAc -->
      <class name="testCase.TestCaseForCreateMemberAcWithLogin">
        <test-method status="PASS" signature="openBrowser()[pri:0, instance:testCase.TestCaseForCreateMemberAcWithLogin@25790e]" name="openBrowser" is-config="true" duration-ms="9147" started-at="2016-01-14T16:17:53Z" finished-at="2016-01-14T16:18:02Z">
          <reporter-output>
          </reporter-output>
        </test-method> <!-- openBrowser -->
        <test-method status="PASS" signature="loginIntoApplication()[pri:0, instance:testCase.TestCaseForCreateMemberAcWithLogin@25790e]" name="loginIntoApplication" duration-ms="5571" started-at="2016-01-14T16:18:22Z" finished-at="2016-01-14T16:18:28Z">
          <reporter-output>
          </reporter-output>
        </test-method> <!-- loginIntoApplication -->
        <test-method status="PASS" signature="navigateToAccountPage()[pri:0, instance:testCase.TestCaseForCreateMemberAcWithLogin@25790e]" name="navigateToAccountPage" duration-ms="3990" started-at="2016-01-14T16:18:28Z" finished-at="2016-01-14T16:18:32Z">
          <reporter-output>
          </reporter-output>
        </test-method> <!-- navigateToAccountPage -->
        <test-method status="PASS" signature="enterBlankDataIntoMemberAc()[pri:0, instance:testCase.TestCaseForCreateMemberAcWithLogin@25790e]" name="enterBlankDataIntoMemberAc" duration-ms="1461" started-at="2016-01-14T16:18:32Z" finished-at="2016-01-14T16:18:33Z">
          <reporter-output>
          </reporter-output>
        </test-method> <!-- enterBlankDataIntoMemberAc -->
        <test-method status="PASS" signature="enterInvalidSsn()[pri:0, instance:testCase.TestCaseForCreateMemberAcWithLogin@25790e]" name="enterInvalidSsn" duration-ms="1615" started-at="2016-01-14T16:18:33Z" finished-at="2016-01-14T16:18:35Z">
          <reporter-output>
          </reporter-output>
        </test-method> <!-- enterInvalidSsn -->
        <test-method status="PASS" signature="enterInvalidDate()[pri:0, instance:testCase.TestCaseForCreateMemberAcWithLogin@25790e]" name="enterInvalidDate" duration-ms="2053" started-at="2016-01-14T16:18:35Z" finished-at="2016-01-14T16:18:37Z">
          <reporter-output>
          </reporter-output>
        </test-method> <!-- enterInvalidDate -->
        <test-method status="PASS" signature="enterInvalidEmail()[pri:0, instance:testCase.TestCaseForCreateMemberAcWithLogin@25790e]" name="enterInvalidEmail" duration-ms="2144" started-at="2016-01-14T16:18:37Z" finished-at="2016-01-14T16:18:39Z">
          <reporter-output>
          </reporter-output>
        </test-method> <!-- enterInvalidEmail -->
        <test-method status="PASS" signature="createAMemberAcWithValidData()[pri:0, instance:testCase.TestCaseForCreateMemberAcWithLogin@25790e]" name="createAMemberAcWithValidData" duration-ms="3981" started-at="2016-01-14T16:18:39Z" finished-at="2016-01-14T16:18:43Z">
          <reporter-output>
          </reporter-output>
        </test-method> <!-- createAMemberAcWithValidData -->
        <test-method status="PASS" signature="tearDown()[pri:0, instance:testCase.TestCaseForCreateMemberAcWithLogin@25790e]" name="tearDown" is-config="true" duration-ms="1092" started-at="2016-01-14T16:19:00Z" finished-at="2016-01-14T16:19:01Z">
          <reporter-output>
          </reporter-output>
        </test-method> <!-- tearDown -->
      </class> <!-- testCase.TestCaseForCreateMemberAcWithLogin -->
    </test> <!-- Test -->
  </suite> <!-- Suite -->
</testng-results>
